# JRE version: OpenJDK Runtime Environment (21.0.3) (build 21.0.3+-12282718-b509.11)
# Java VM: OpenJDK 64-Bit Server VM (21.0.3+-12282718-b509.11, mixed mode, tiered, compressed oops, compressed class ptrs, g1 gc, windows-amd64)
GC Precious Log:
 CardTable entry size: 512
 Card Set container configuration: InlinePtr #cards 4 size 8 Array Of Cards #cards 16 size 48 Howl #buckets 8 coarsen threshold 3686 Howl Bitmap #cards 512 size 80 coarsen threshold 460 Card regions per heap region 1 cards per card region 4096
 CPUs: 4 total, 4 available
 Memory: 3285M
 Large Page Support: Disabled
 NUMA Support: Disabled
 Compressed Oops: Enabled (Zero based)
 Heap Region Size: 2M
 Heap Min Capacity: 8M
 Heap Initial Capacity: 52M
 Heap Max Capacity: 4G
 Pre-touch: Disabled
 Parallel Workers: 4
 Concurrent Workers: 1
 Concurrent Refinement Workers: 4
 Periodic GC: Disabled
Heap:
 garbage-first heap   total 69632K, used 50403K [0x0000000700000000, 0x0000000800000000)
  region size 2048K, 10 young (20480K), 2 survivors (4096K)
 Metaspace       used 55424K, committed 56960K, reserved 1114112K
  class space    used 7533K, committed 8320K, reserved 1048576K
GC Heap History (20 events):
Event: 16.513 GC heap before
{Heap before GC invocations=10 (full 0):
 garbage-first heap   total 53248K, used 41593K [0x0000000700000000, 0x0000000800000000)
  region size 2048K, 12 young (24576K), 2 survivors (4096K)
 Metaspace       used 33750K, committed 34688K, reserved 1114112K
  class space    used 4552K, committed 4992K, reserved 1048576K
}
Event: 16.519 GC heap after
{Heap after GC invocations=11 (full 0):
 garbage-first heap   total 53248K, used 24117K [0x0000000700000000, 0x0000000800000000)
  region size 2048K, 2 young (4096K), 2 survivors (4096K)
 Metaspace       used 33750K, committed 34688K, reserved 1114112K
  class space    used 4552K, committed 4992K, reserved 1048576K
}
Event: 16.842 GC heap before
{Heap before GC invocations=11 (full 0):
 garbage-first heap   total 53248K, used 34357K [0x0000000700000000, 0x0000000800000000)
  region size 2048K, 8 young (16384K), 2 survivors (4096K)
 Metaspace       used 35190K, committed 36096K, reserved 1114112K
  class space    used 4789K, committed 5248K, reserved 1048576K
}
Event: 16.865 GC heap after
{Heap after GC invocations=12 (full 0):
 garbage-first heap   total 53248K, used 24791K [0x0000000700000000, 0x0000000800000000)
  region size 2048K, 1 young (2048K), 1 survivors (2048K)
 Metaspace       used 35190K, committed 36096K, reserved 1114112K
  class space    used 4789K, committed 5248K, reserved 1048576K
}
Event: 18.425 GC heap before
{Heap before GC invocations=13 (full 0):
 garbage-first heap   total 53248K, used 43223K [0x0000000700000000, 0x0000000800000000)
  region size 2048K, 11 young (22528K), 1 survivors (2048K)
 Metaspace       used 38346K, committed 39488K, reserved 1114112K
  class space    used 5270K, committed 5824K, reserved 1048576K
}
Event: 18.438 GC heap after
{Heap after GC invocations=14 (full 0):
 garbage-first heap   total 53248K, used 26867K [0x0000000700000000, 0x0000000800000000)
  region size 2048K, 2 young (4096K), 2 survivors (4096K)
 Metaspace       used 38346K, committed 39488K, reserved 1114112K
  class space    used 5270K, committed 5824K, reserved 1048576K
}
Event: 20.032 GC heap before
{Heap before GC invocations=14 (full 0):
 garbage-first heap   total 53248K, used 43251K [0x0000000700000000, 0x0000000800000000)
  region size 2048K, 10 young (20480K), 2 survivors (4096K)
 Metaspace       used 43035K, committed 44160K, reserved 1114112K
  class space    used 5723K, committed 6272K, reserved 1048576K
}
Event: 20.042 GC heap after
{Heap after GC invocations=15 (full 0):
 garbage-first heap   total 65536K, used 28722K [0x0000000700000000, 0x0000000800000000)
  region size 2048K, 2 young (4096K), 2 survivors (4096K)
 Metaspace       used 43035K, committed 44160K, reserved 1114112K
  class space    used 5723K, committed 6272K, reserved 1048576K
}
Event: 22.297 GC heap before
{Heap before GC invocations=16 (full 0):
 garbage-first heap   total 65536K, used 53298K [0x0000000700000000, 0x0000000800000000)
  region size 2048K, 14 young (28672K), 2 survivors (4096K)
 Metaspace       used 44292K, committed 45440K, reserved 1114112K
  class space    used 5897K, committed 6464K, reserved 1048576K
}
Event: 22.361 GC heap after
{Heap after GC invocations=17 (full 0):
 garbage-first heap   total 65536K, used 30131K [0x0000000700000000, 0x0000000800000000)
  region size 2048K, 2 young (4096K), 2 survivors (4096K)
 Metaspace       used 44292K, committed 45440K, reserved 1114112K
  class space    used 5897K, committed 6464K, reserved 1048576K
}
Event: 24.244 GC heap before
{Heap before GC invocations=17 (full 0):
 garbage-first heap   total 65536K, used 40371K [0x0000000700000000, 0x0000000800000000)
  region size 2048K, 8 young (16384K), 2 survivors (4096K)
 Metaspace       used 45483K, committed 46656K, reserved 1114112K
  class space    used 6065K, committed 6656K, reserved 1048576K
}
Event: 24.258 GC heap after
{Heap after GC invocations=18 (full 0):
 garbage-first heap   total 65536K, used 33067K [0x0000000700000000, 0x0000000800000000)
  region size 2048K, 2 young (4096K), 2 survivors (4096K)
 Metaspace       used 45483K, committed 46656K, reserved 1114112K
  class space    used 6065K, committed 6656K, reserved 1048576K
}
Event: 25.553 GC heap before
{Heap before GC invocations=19 (full 0):
 garbage-first heap   total 65536K, used 55595K [0x0000000700000000, 0x0000000800000000)
  region size 2048K, 12 young (24576K), 2 survivors (4096K)
 Metaspace       used 47376K, committed 48512K, reserved 1114112K
  class space    used 6267K, committed 6848K, reserved 1048576K
}
Event: 25.560 GC heap after
{Heap after GC invocations=20 (full 0):
 garbage-first heap   total 65536K, used 32988K [0x0000000700000000, 0x0000000800000000)
  region size 2048K, 2 young (4096K), 2 survivors (4096K)
 Metaspace       used 47376K, committed 48512K, reserved 1114112K
  class space    used 6267K, committed 6848K, reserved 1048576K
}
Event: 27.204 GC heap before
{Heap before GC invocations=20 (full 0):
 garbage-first heap   total 65536K, used 53468K [0x0000000700000000, 0x0000000800000000)
  region size 2048K, 12 young (24576K), 2 survivors (4096K)
 Metaspace       used 48751K, committed 49984K, reserved 1114112K
  class space    used 6481K, committed 7104K, reserved 1048576K
}
Event: 27.211 GC heap after
{Heap after GC invocations=21 (full 0):
 garbage-first heap   total 65536K, used 34193K [0x0000000700000000, 0x0000000800000000)
  region size 2048K, 2 young (4096K), 2 survivors (4096K)
 Metaspace       used 48751K, committed 49984K, reserved 1114112K
  class space    used 6481K, committed 7104K, reserved 1048576K
}
Event: 29.828 GC heap before
{Heap before GC invocations=22 (full 0):
 garbage-first heap   total 69632K, used 50577K [0x0000000700000000, 0x0000000800000000)
  region size 2048K, 11 young (22528K), 2 survivors (4096K)
 Metaspace       used 51421K, committed 52672K, reserved 1114112K
  class space    used 6841K, committed 7488K, reserved 1048576K
}
Event: 29.905 GC heap after
{Heap after GC invocations=23 (full 0):
 garbage-first heap   total 69632K, used 35325K [0x0000000700000000, 0x0000000800000000)
  region size 2048K, 2 young (4096K), 2 survivors (4096K)
 Metaspace       used 51421K, committed 52672K, reserved 1114112K
  class space    used 6841K, committed 7488K, reserved 1048576K
}
Event: 45.572 GC heap before
{Heap before GC invocations=23 (full 0):
 garbage-first heap   total 69632K, used 55805K [0x0000000700000000, 0x0000000800000000)
  region size 2048K, 12 young (24576K), 2 survivors (4096K)
 Metaspace       used 53874K, committed 55168K, reserved 1114112K
  class space    used 7263K, committed 7872K, reserved 1048576K
}
Event: 45.749 GC heap after
{Heap after GC invocations=24 (full 0):
 garbage-first heap   total 69632K, used 36067K [0x0000000700000000, 0x0000000800000000)
  region size 2048K, 2 young (4096K), 2 survivors (4096K)
 Metaspace       used 53874K, committed 55168K, reserved 1114112K
  class space    used 7263K, committed 7872K, reserved 1048576K
}

